<?xml version='1.0' encoding='UTF-8' ?>
<testsuite name="com.eliseyev_aleksandr_homework04.android.trackmysleepquality.SleepDatabaseTest" tests="1" failures="0" errors="0" skipped="0" time="1.167" timestamp="2022-08-06T20:46:00" hostname="localhost">
  <properties>
    <property name="device" value="Pixel_4_API_30(AVD) - 11" />
    <property name="flavor" value="" />
    <property name="project" value=":eliseyev_aleksandr_homework04" />
  </properties>
  <testcase name="insertAndGetNight" classname="com.eliseyev_aleksandr_homework04.android.trackmysleepquality.SleepDatabaseTest" time="0.019" />
</testsuite>